<?xml version="1.0" encoding="UTF-8"?>
<testng-results skipped="0" failed="0" ignored="0" total="1" passed="1">
  <reporter-output>
  </reporter-output>
  <suite name="Default suite" duration-ms="15593" started-at="2022-09-28T11:12:15Z" finished-at="2022-09-28T11:12:30Z">
    <groups>
    </groups>
    <test name="Default test" duration-ms="15593" started-at="2022-09-28T11:12:15Z" finished-at="2022-09-28T11:12:30Z">
      <class name="com.Rmgyantra.Authentication.Oauth2Test">
        <test-method status="PASS" signature="oauth2Test()[pri:0, instance:com.Rmgyantra.Authentication.Oauth2Test@6ac13091]" name="oauth2Test" duration-ms="15502" started-at="2022-09-28T11:12:15Z" finished-at="2022-09-28T11:12:30Z">
          <reporter-output>
          </reporter-output>
        </test-method> <!-- oauth2Test -->
      </class> <!-- com.Rmgyantra.Authentication.Oauth2Test -->
    </test> <!-- Default test -->
  </suite> <!-- Default suite -->
</testng-results>
