<?xml version="1.0" encoding="UTF-8"?>
<testng-results skipped="0" failed="0" ignored="0" total="1" passed="1">
  <reporter-output>
  </reporter-output>
  <suite name="Default suite" duration-ms="8909" started-at="2022-09-26T15:02:48Z" finished-at="2022-09-26T15:02:57Z">
    <groups>
    </groups>
    <test name="Default test" duration-ms="8909" started-at="2022-09-26T15:02:48Z" finished-at="2022-09-26T15:02:57Z">
      <class name="com.Rmgyantra.CRUDOperationWithoutBDD.UpdatingWithPatchTest">
        <test-method status="PASS" signature="creatingProTest()[pri:0, instance:com.Rmgyantra.CRUDOperationWithoutBDD.UpdatingWithPatchTest@6ac13091]" name="creatingProTest" duration-ms="8817" started-at="2022-09-26T15:02:48Z" finished-at="2022-09-26T15:02:57Z">
          <reporter-output>
          </reporter-output>
        </test-method> <!-- creatingProTest -->
      </class> <!-- com.Rmgyantra.CRUDOperationWithoutBDD.UpdatingWithPatchTest -->
    </test> <!-- Default test -->
  </suite> <!-- Default suite -->
</testng-results>
